  main.cpp
c:\users\tomoya\documents\github\simplevolpath_bssrdf\src\bvh.h(22): warning C4305: '=': 'const double' から 'float' へ切り詰めます。
c:\users\tomoya\documents\github\simplevolpath_bssrdf\src\bvh.h(23): warning C4305: '=': 'const double' から 'float' へ切り詰めます。
c:\users\tomoya\documents\github\simplevolpath_bssrdf\src\bvh.h(84): warning C4244: '引数': 'const double' から 'const float' への変換です。データが失われる可能性があります。
c:\users\tomoya\documents\github\simplevolpath_bssrdf\src\bvh.h(100): warning C4267: '初期化中': 'size_t' から 'int' に変換しました。データが失われているかもしれません。
..\..\src\main.cpp(248): warning C4244: 'return': 'double' から 'float' への変換です。データが失われる可能性があります。
..\..\src\main.cpp(271): warning C4244: 'return': 'double' から 'float' への変換です。データが失われる可能性があります。
..\..\src\main.cpp(571): warning C4067: プリプロセッサ ディレクティブの後に余分な文字がありました - 改行が必要です
..\..\src\main.cpp(895): warning C4267: '初期化中': 'size_t' から 'int' に変換しました。データが失われているかもしれません。
..\..\src\main.cpp(944): warning C4244: '=': 'const double' から 'float' への変換です。データが失われる可能性があります。
..\..\src\main.cpp(945): warning C4244: '=': 'const double' から 'float' への変換です。データが失われる可能性があります。
..\..\src\main.cpp(946): warning C4244: '=': 'const double' から 'float' への変換です。データが失われる可能性があります。
..\..\src\main.cpp(947): warning C4244: '=': 'const double' から 'float' への変換です。データが失われる可能性があります。
..\..\src\main.cpp(948): warning C4244: '=': 'const double' から 'float' への変換です。データが失われる可能性があります。
..\..\src\main.cpp(949): warning C4244: '=': 'const double' から 'float' への変換です。データが失われる可能性があります。
  コード生成しています。
  66 of 2306 functions ( 2.9%) were compiled, the rest were copied from previous compilation.
    62 functions were new in current compilation
    22 functions had inline decision re-evaluated but remain unchanged
  コード生成が終了しました。
  SimpleVolPath_bssrdf.vcxproj -> C:\Users\tomoya\Documents\GitHub\SimpleVolPath_bssrdf\x64\Release\SimpleVolPath_bssrdf.exe
